<?xml version="1.0" encoding="UTF-8"?>
<testng-results skipped="0" failed="0" total="0" passed="0">
  <reporter-output>
  </reporter-output>
  <suite name="InjectedTest" duration-ms="1560" started-at="2015-06-16T03:26:49Z" finished-at="2015-06-16T03:26:50Z">
    <groups>
    </groups>
    <test name="Command line test 021fbab3-f82a-4846-a881-0dd2146e1abf" duration-ms="1560" started-at="2015-06-16T03:26:49Z" finished-at="2015-06-16T03:26:50Z">
    </test> <!-- Command line test 021fbab3-f82a-4846-a881-0dd2146e1abf -->
  </suite> <!-- InjectedTest -->
</testng-results>
